<?xml version="1.0" encoding="UTF-8"?>
<testng-results ignored="0" total="0" passed="0" failed="0" skipped="0">
  <reporter-output>
  </reporter-output>
  <suite started-at="2023-01-18T19:43:54 CET" name="runners.TestRunner" finished-at="2023-01-18T19:43:54 CET" duration-ms="21">
    <groups>
    </groups>
    <test started-at="2023-01-18T19:43:54 CET" name="Command line test" finished-at="2023-01-18T19:43:54 CET" duration-ms="21">
    </test> <!-- Command line test -->
  </suite> <!-- runners.TestRunner -->
</testng-results>
